<?xml version="1.0" encoding="UTF-8"?>
<!-- Generated by org.testng.reporters.JUnitReportReporter -->
<testsuite hostname="DESKTOP-HN6Q64C" failures="0" tests="7" name="tests.CreateAccountTest" time="31.196" errors="0" timestamp="2022-03-04T10:36:46 EET" skipped="0">
  <testcase classname="tests.CreateAccountTest" name="DifferentPasswords" time="1.768"/>
  <system-out/>
  <testcase classname="tests.CreateAccountTest" name="LeaveAnyFieldEmpty" time="1.679"/>
  <system-out/>
  <testcase classname="tests.CreateAccountTest" name="InValidEmail" time="3.246"/>
  <system-out/>
  <testcase classname="tests.CreateAccountTest" name="CreateAccountWithValidData" time="12.671"/>
  <system-out/>
  <testcase classname="tests.CreateAccountTest" name="CreateAccountWithValidData" time="5.010"/>
  <system-out/>
  <testcase classname="tests.CreateAccountTest" name="CreateAccountWithValidData" time="5.126"/>
  <system-out/>
  <testcase classname="tests.CreateAccountTest" name="InValidPassword" time="1.696"/>
  <system-out/>
</testsuite> <!-- tests.CreateAccountTest -->
