<?xml version="1.0" encoding="UTF-8"?>
<!-- Generated by org.testng.reporters.JUnitReportReporter -->
<testsuite hostname="DESKTOP-H8TL4NE" failures="0" tests="1" name="tests.BaseTest" time="12.457" errors="0" timestamp="2022-02-14T03:44:18 EET" skipped="0">
  <testcase classname="tests.BaseTest" name="CreateAcountTest" time="12.457"/>
  <system-out/>
</testsuite> <!-- tests.BaseTest -->
